[debug] [2023-06-02T20:09:32.121Z] ----------------------------------------------------------------------
[debug] [2023-06-02T20:09:32.122Z] Command:       /opt/homebrew/Cellar/node/20.2.0/bin/node /opt/homebrew/bin/firebase init
[debug] [2023-06-02T20:09:32.122Z] CLI Version:   12.3.0
[debug] [2023-06-02T20:09:32.123Z] Platform:      darwin
[debug] [2023-06-02T20:09:32.123Z] Node Version:  v20.2.0
[debug] [2023-06-02T20:09:32.123Z] Time:          Fri Jun 02 2023 22:09:32 GMT+0200 (Central European Summer Time)
[debug] [2023-06-02T20:09:32.123Z] ----------------------------------------------------------------------
[debug] 
[debug] [2023-06-02T20:09:32.125Z] > command requires scopes: ["email","openid","https://www.googleapis.com/auth/cloudplatformprojects.readonly","https://www.googleapis.com/auth/firebase","https://www.googleapis.com/auth/cloud-platform"]
[debug] [2023-06-02T20:09:32.125Z] > authorizing via signed-in user (info@simonsure.com)
[info] 
     ######## #### ########  ######## ########     ###     ######  ########
     ##        ##  ##     ## ##       ##     ##  ##   ##  ##       ##
     ######    ##  ########  ######   ########  #########  ######  ######
     ##        ##  ##    ##  ##       ##     ## ##     ##       ## ##
     ##       #### ##     ## ######## ########  ##     ##  ######  ########

You're about to initialize a Firebase project in this directory:

  /Users/simonsure/Library/Mobile Documents/com~apple~CloudDocs/software development/simonsure.com

[info] 
=== Project Setup
[info] 
[info] First, let's associate this project directory with a Firebase project.
[info] You can create multiple project aliases by running firebase use --add, 
[info] but for now we'll just set up a default project.
[info] 
[debug] [2023-06-02T20:09:34.722Z] >>> [apiv2][query] GET https://firebase.googleapis.com/v1beta1/projects pageSize=100
[debug] [2023-06-02T20:09:35.443Z] <<< [apiv2][status] GET https://firebase.googleapis.com/v1beta1/projects 200
[debug] [2023-06-02T20:09:35.443Z] <<< [apiv2][body] GET https://firebase.googleapis.com/v1beta1/projects [omitted]
[info] i  Using project private-340410 (private) 
[info] 
=== Hosting Setup
[info] 
[info] Your public directory is the folder (relative to your project directory) that
[info] will contain Hosting assets to be uploaded with firebase deploy. If you
[info] have a build process for your assets, use your build's output directory.
[info] 
[info] ✔  Wrote public/404.html 
[debug] [2023-06-02T20:09:54.085Z] >>> [apiv2][query] GET https://www.gstatic.com/firebasejs/releases.json [none]
[debug] [2023-06-02T20:09:54.194Z] <<< [apiv2][status] GET https://www.gstatic.com/firebasejs/releases.json 200
[debug] [2023-06-02T20:09:54.194Z] <<< [apiv2][body] GET https://www.gstatic.com/firebasejs/releases.json {"current":{"version":"9.22.1","browserURL":"https://www.gstatic.com/firebasejs/9.22.1/firebase.js","packageURL":"https://www.gstatic.com/firebasejs/9.22.1/firebase.tgz"},"live":{"version":"9.22","browserURL":"https://www.gstatic.com/firebasejs/live/9.22/firebase.js","packageURL":"https://www.gstatic.com/firebasejs/live/9.22/firebase.tgz"},"components":{"analytics":"https://www.gstatic.com/firebasejs/9.22.1/firebase-analytics.js","app":"https://www.gstatic.com/firebasejs/9.22.1/firebase-app.js","app-check":"https://www.gstatic.com/firebasejs/9.22.1/firebase-app-check.js","auth":"https://www.gstatic.com/firebasejs/9.22.1/firebase-auth.js","auth/cordova":"https://www.gstatic.com/firebasejs/9.22.1/firebase-auth/cordova.js","auth/react-native":"https://www.gstatic.com/firebasejs/9.22.1/firebase-auth/react-native.js","functions":"https://www.gstatic.com/firebasejs/9.22.1/firebase-functions.js","firestore":"https://www.gstatic.com/firebasejs/9.22.1/firebase-firestore.js","firestore/lite":"https://www.gstatic.com/firebasejs/9.22.1/firebase-firestore/lite.js","installations":"https://www.gstatic.com/firebasejs/9.22.1/firebase-installations.js","storage":"https://www.gstatic.com/firebasejs/9.22.1/firebase-storage.js","performance":"https://www.gstatic.com/firebasejs/9.22.1/firebase-performance.js","remote-config":"https://www.gstatic.com/firebasejs/9.22.1/firebase-remote-config.js","messaging":"https://www.gstatic.com/firebasejs/9.22.1/firebase-messaging.js","messaging/sw":"https://www.gstatic.com/firebasejs/9.22.1/firebase-messaging/sw.js","database":"https://www.gstatic.com/firebasejs/9.22.1/firebase-database.js","firestore.memory":"https://www.gstatic.com/firebasejs/9.22.1/firebase-firestore.memory.js"}}
[info] ✔  Wrote public/index.html 
[info] 
[info] i  Detected a .git folder at /Users/simonsure/Library/Mobile Documents/com~apple~CloudDocs/software development/simonsure.com 
[info] i  Authorizing with GitHub to upload your service account to a GitHub repository's secrets store. 
[info] 
[info] Visit this URL on this device to log in:
[info] https://github.com/login/oauth/authorize?client_id=89cf50f02ac6aaed3484&state=965474910&redirect_uri=http%3A%2F%2Flocalhost%3A9005&scope=read%3Auser%20repo%20public_repo
[info] 
[info] Waiting for authentication...
[debug] [2023-06-02T20:10:16.550Z] >>> [apiv2][query] POST https://github.com/login/oauth/access_token [none]
[debug] [2023-06-02T20:10:16.551Z] >>> [apiv2][body] POST https://github.com/login/oauth/access_token [stream]
[debug] [2023-06-02T20:10:16.839Z] <<< [apiv2][status] POST https://github.com/login/oauth/access_token 200
[debug] [2023-06-02T20:10:16.840Z] <<< [apiv2][body] POST https://github.com/login/oauth/access_token {"access_token":"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","token_type":"bearer","scope":"read:user,repo"}
[debug] [2023-06-02T20:10:16.846Z] >>> [apiv2][query] GET https://api.github.com/user [none]
[debug] [2023-06-02T20:10:17.229Z] <<< [apiv2][status] GET https://api.github.com/user 200
[debug] [2023-06-02T20:10:17.229Z] <<< [apiv2][body] GET https://api.github.com/user {"login":"RoldSI","id":44641418,"node_id":"MDQ6VXNlcjQ0NjQxNDE4","avatar_url":"https://avatars.githubusercontent.com/u/44641418?v=4","gravatar_id":"","url":"https://api.github.com/users/RoldSI","html_url":"https://github.com/RoldSI","followers_url":"https://api.github.com/users/RoldSI/followers","following_url":"https://api.github.com/users/RoldSI/following{/other_user}","gists_url":"https://api.github.com/users/RoldSI/gists{/gist_id}","starred_url":"https://api.github.com/users/RoldSI/starred{/owner}{/repo}","subscriptions_url":"https://api.github.com/users/RoldSI/subscriptions","organizations_url":"https://api.github.com/users/RoldSI/orgs","repos_url":"https://api.github.com/users/RoldSI/repos","events_url":"https://api.github.com/users/RoldSI/events{/privacy}","received_events_url":"https://api.github.com/users/RoldSI/received_events","type":"User","site_admin":false,"name":"Simon Sure","company":"ETH Zürich","blog":"https://www.simonsure.com/","location":"Zürich","email":"info@simonsure.com","hireable":null,"bio":null,"twitter_username":null,"public_repos":2,"public_gists":0,"followers":8,"following":8,"created_at":"2018-10-31T12:23:28Z","updated_at":"2023-05-21T10:10:20Z","private_gists":0,"total_private_repos":4,"owned_private_repos":4,"disk_usage":69,"collaborators":1,"two_factor_authentication":false,"plan":{"name":"pro","space":976562499,"collaborators":0,"private_repos":9999}}
[info] 
[info] ✔  Success! Logged into GitHub as RoldSI 
[info] 
